2019-08-31 15:27:28.902 +08:00 [MI.Web] [Information] SkyApm.InstrumentStartup : Initializing ...
2019-08-31 15:27:28.938 +08:00 [MI.Web] [Information] SkyApm.Service.RegisterService : Loaded instrument service [SkyApm.Service.RegisterService].
2019-08-31 15:27:28.938 +08:00 [MI.Web] [Information] SkyApm.Service.PingService : Loaded instrument service [SkyApm.Service.PingService].
2019-08-31 15:27:28.939 +08:00 [MI.Web] [Information] SkyApm.Service.ServiceDiscoveryV5Service : Loaded instrument service [SkyApm.Service.ServiceDiscoveryV5Service].
2019-08-31 15:27:28.939 +08:00 [MI.Web] [Information] SkyApm.Service.SegmentReportService : Loaded instrument service [SkyApm.Service.SegmentReportService].
2019-08-31 15:27:28.946 +08:00 [MI.Web] [Information] SkyApm.Sampling.SimpleCountSamplingInterceptor : Loaded instrument service [SkyApm.Sampling.SimpleCountSamplingInterceptor].
2019-08-31 15:27:28.946 +08:00 [MI.Web] [Information] SkyApm.Transport.Grpc.V6.ConnectService : Loaded instrument service [SkyApm.Transport.Grpc.V6.ConnectService].
2019-08-31 15:27:29.003 +08:00 [MI.Web] [Information] SkyApm.Diagnostics.TracingDiagnosticProcessorObserver : Loaded diagnostic listener [Microsoft.AspNetCore].
2019-08-31 15:27:29.004 +08:00 [MI.Web] [Information] SkyApm.Diagnostics.TracingDiagnosticProcessorObserver : Loaded diagnostic listener [HttpHandlerDiagnosticListener].
2019-08-31 15:27:29.005 +08:00 [MI.Web] [Information] SkyApm.InstrumentStartup : Started SkyAPM .NET Core Agent.
2019-08-31 15:27:39.192 +08:00 [MI.Web] [Error] SkyApm.Transport.Grpc.ConnectionManager : Connect server timeout.
System.Threading.Tasks.TaskCanceledException: Reached deadline.
   at Grpc.Core.Channel.WaitForStateChangedAsync(ChannelState lastObservedState, Nullable`1 deadline) in T:\src\github\grpc\src\csharp\Grpc.Core\Channel.cs:line 139
   at Grpc.Core.Channel.ConnectAsync(Nullable`1 deadline) in T:\src\github\grpc\src\csharp\Grpc.Core\Channel.cs:line 220
   at SkyApm.Transport.Grpc.ConnectionManager.ConnectAsync()
2019-08-31 15:27:43.993 +08:00 [MI.Web] [Information] SkyApm.Transport.Grpc.ConnectionManager : Shutdown connection[localhost:11800].
2019-08-31 15:27:54.004 +08:00 [MI.Web] [Error] SkyApm.Transport.Grpc.ConnectionManager : Connect server timeout.
System.Threading.Tasks.TaskCanceledException: Reached deadline.
   at Grpc.Core.Channel.WaitForStateChangedAsync(ChannelState lastObservedState, Nullable`1 deadline) in T:\src\github\grpc\src\csharp\Grpc.Core\Channel.cs:line 139
   at Grpc.Core.Channel.ConnectAsync(Nullable`1 deadline) in T:\src\github\grpc\src\csharp\Grpc.Core\Channel.cs:line 220
   at SkyApm.Transport.Grpc.ConnectionManager.ConnectAsync()
2019-08-31 15:27:58.963 +08:00 [MI.Web] [Information] SkyApm.Transport.Grpc.ConnectionManager : Shutdown connection[localhost:11800].
2019-08-31 15:28:08.977 +08:00 [MI.Web] [Error] SkyApm.Transport.Grpc.ConnectionManager : Connect server timeout.
System.Threading.Tasks.TaskCanceledException: Reached deadline.
   at Grpc.Core.Channel.WaitForStateChangedAsync(ChannelState lastObservedState, Nullable`1 deadline) in T:\src\github\grpc\src\csharp\Grpc.Core\Channel.cs:line 139
   at Grpc.Core.Channel.ConnectAsync(Nullable`1 deadline) in T:\src\github\grpc\src\csharp\Grpc.Core\Channel.cs:line 220
   at SkyApm.Transport.Grpc.ConnectionManager.ConnectAsync()
2019-08-31 15:28:13.965 +08:00 [MI.Web] [Information] SkyApm.Transport.Grpc.ConnectionManager : Shutdown connection[localhost:11800].
2019-08-31 15:28:23.976 +08:00 [MI.Web] [Error] SkyApm.Transport.Grpc.ConnectionManager : Connect server timeout.
System.Threading.Tasks.TaskCanceledException: Reached deadline.
   at Grpc.Core.Channel.WaitForStateChangedAsync(ChannelState lastObservedState, Nullable`1 deadline) in T:\src\github\grpc\src\csharp\Grpc.Core\Channel.cs:line 139
   at Grpc.Core.Channel.ConnectAsync(Nullable`1 deadline) in T:\src\github\grpc\src\csharp\Grpc.Core\Channel.cs:line 220
   at SkyApm.Transport.Grpc.ConnectionManager.ConnectAsync()
2019-08-31 15:28:28.963 +08:00 [MI.Web] [Information] SkyApm.Transport.Grpc.ConnectionManager : Shutdown connection[localhost:11800].
2019-08-31 15:28:38.981 +08:00 [MI.Web] [Error] SkyApm.Transport.Grpc.ConnectionManager : Connect server timeout.
System.Threading.Tasks.TaskCanceledException: Reached deadline.
   at Grpc.Core.Channel.WaitForStateChangedAsync(ChannelState lastObservedState, Nullable`1 deadline) in T:\src\github\grpc\src\csharp\Grpc.Core\Channel.cs:line 139
   at Grpc.Core.Channel.ConnectAsync(Nullable`1 deadline) in T:\src\github\grpc\src\csharp\Grpc.Core\Channel.cs:line 220
   at SkyApm.Transport.Grpc.ConnectionManager.ConnectAsync()
2019-08-31 15:28:43.966 +08:00 [MI.Web] [Information] SkyApm.Transport.Grpc.ConnectionManager : Shutdown connection[localhost:11800].
2019-08-31 17:05:21.726 +08:00 [MI.Web] [Information] SkyApm.InstrumentStartup : Initializing ...
2019-08-31 17:05:21.758 +08:00 [MI.Web] [Information] SkyApm.Service.RegisterService : Loaded instrument service [SkyApm.Service.RegisterService].
2019-08-31 17:05:21.759 +08:00 [MI.Web] [Information] SkyApm.Service.PingService : Loaded instrument service [SkyApm.Service.PingService].
2019-08-31 17:05:21.759 +08:00 [MI.Web] [Information] SkyApm.Service.ServiceDiscoveryV5Service : Loaded instrument service [SkyApm.Service.ServiceDiscoveryV5Service].
2019-08-31 17:05:21.759 +08:00 [MI.Web] [Information] SkyApm.Service.SegmentReportService : Loaded instrument service [SkyApm.Service.SegmentReportService].
2019-08-31 17:05:21.760 +08:00 [MI.Web] [Information] SkyApm.Sampling.SimpleCountSamplingInterceptor : Loaded instrument service [SkyApm.Sampling.SimpleCountSamplingInterceptor].
2019-08-31 17:05:21.763 +08:00 [MI.Web] [Information] SkyApm.Transport.Grpc.V6.ConnectService : Loaded instrument service [SkyApm.Transport.Grpc.V6.ConnectService].
2019-08-31 17:05:21.787 +08:00 [MI.Web] [Information] SkyApm.Diagnostics.TracingDiagnosticProcessorObserver : Loaded diagnostic listener [Microsoft.AspNetCore].
2019-08-31 17:05:21.788 +08:00 [MI.Web] [Information] SkyApm.Diagnostics.TracingDiagnosticProcessorObserver : Loaded diagnostic listener [HttpHandlerDiagnosticListener].
2019-08-31 17:05:21.788 +08:00 [MI.Web] [Information] SkyApm.InstrumentStartup : Started SkyAPM .NET Core Agent.
2019-08-31 17:05:31.910 +08:00 [MI.Web] [Error] SkyApm.Transport.Grpc.ConnectionManager : Connect server timeout.
System.Threading.Tasks.TaskCanceledException: Reached deadline.
   at Grpc.Core.Channel.WaitForStateChangedAsync(ChannelState lastObservedState, Nullable`1 deadline) in T:\src\github\grpc\src\csharp\Grpc.Core\Channel.cs:line 139
   at Grpc.Core.Channel.ConnectAsync(Nullable`1 deadline) in T:\src\github\grpc\src\csharp\Grpc.Core\Channel.cs:line 220
   at SkyApm.Transport.Grpc.ConnectionManager.ConnectAsync()
2019-08-31 17:05:36.820 +08:00 [MI.Web] [Information] SkyApm.Transport.Grpc.ConnectionManager : Shutdown connection[localhost:11800].
2019-08-31 17:05:46.841 +08:00 [MI.Web] [Error] SkyApm.Transport.Grpc.ConnectionManager : Connect server timeout.
System.Threading.Tasks.TaskCanceledException: Reached deadline.
   at Grpc.Core.Channel.WaitForStateChangedAsync(ChannelState lastObservedState, Nullable`1 deadline) in T:\src\github\grpc\src\csharp\Grpc.Core\Channel.cs:line 139
   at Grpc.Core.Channel.ConnectAsync(Nullable`1 deadline) in T:\src\github\grpc\src\csharp\Grpc.Core\Channel.cs:line 220
   at SkyApm.Transport.Grpc.ConnectionManager.ConnectAsync()
2019-08-31 17:05:51.789 +08:00 [MI.Web] [Information] SkyApm.Transport.Grpc.ConnectionManager : Shutdown connection[localhost:11800].
2019-08-31 17:06:01.807 +08:00 [MI.Web] [Error] SkyApm.Transport.Grpc.ConnectionManager : Connect server timeout.
System.Threading.Tasks.TaskCanceledException: Reached deadline.
   at Grpc.Core.Channel.WaitForStateChangedAsync(ChannelState lastObservedState, Nullable`1 deadline) in T:\src\github\grpc\src\csharp\Grpc.Core\Channel.cs:line 139
   at Grpc.Core.Channel.ConnectAsync(Nullable`1 deadline) in T:\src\github\grpc\src\csharp\Grpc.Core\Channel.cs:line 220
   at SkyApm.Transport.Grpc.ConnectionManager.ConnectAsync()
2019-08-31 17:06:06.782 +08:00 [MI.Web] [Information] SkyApm.Transport.Grpc.ConnectionManager : Shutdown connection[localhost:11800].
2019-08-31 17:06:16.794 +08:00 [MI.Web] [Error] SkyApm.Transport.Grpc.ConnectionManager : Connect server timeout.
System.Threading.Tasks.TaskCanceledException: Reached deadline.
   at Grpc.Core.Channel.WaitForStateChangedAsync(ChannelState lastObservedState, Nullable`1 deadline) in T:\src\github\grpc\src\csharp\Grpc.Core\Channel.cs:line 139
   at Grpc.Core.Channel.ConnectAsync(Nullable`1 deadline) in T:\src\github\grpc\src\csharp\Grpc.Core\Channel.cs:line 220
   at SkyApm.Transport.Grpc.ConnectionManager.ConnectAsync()
2019-08-31 17:06:21.785 +08:00 [MI.Web] [Information] SkyApm.Transport.Grpc.ConnectionManager : Shutdown connection[localhost:11800].
2019-08-31 17:06:31.800 +08:00 [MI.Web] [Error] SkyApm.Transport.Grpc.ConnectionManager : Connect server timeout.
System.Threading.Tasks.TaskCanceledException: Reached deadline.
   at Grpc.Core.Channel.WaitForStateChangedAsync(ChannelState lastObservedState, Nullable`1 deadline) in T:\src\github\grpc\src\csharp\Grpc.Core\Channel.cs:line 139
   at Grpc.Core.Channel.ConnectAsync(Nullable`1 deadline) in T:\src\github\grpc\src\csharp\Grpc.Core\Channel.cs:line 220
   at SkyApm.Transport.Grpc.ConnectionManager.ConnectAsync()
2019-08-31 17:06:36.786 +08:00 [MI.Web] [Information] SkyApm.Transport.Grpc.ConnectionManager : Shutdown connection[localhost:11800].
2019-08-31 17:06:46.799 +08:00 [MI.Web] [Error] SkyApm.Transport.Grpc.ConnectionManager : Connect server timeout.
System.Threading.Tasks.TaskCanceledException: Reached deadline.
   at Grpc.Core.Channel.WaitForStateChangedAsync(ChannelState lastObservedState, Nullable`1 deadline) in T:\src\github\grpc\src\csharp\Grpc.Core\Channel.cs:line 139
   at Grpc.Core.Channel.ConnectAsync(Nullable`1 deadline) in T:\src\github\grpc\src\csharp\Grpc.Core\Channel.cs:line 220
   at SkyApm.Transport.Grpc.ConnectionManager.ConnectAsync()
2019-08-31 17:06:51.792 +08:00 [MI.Web] [Information] SkyApm.Transport.Grpc.ConnectionManager : Shutdown connection[localhost:11800].
2019-08-31 17:07:01.818 +08:00 [MI.Web] [Error] SkyApm.Transport.Grpc.ConnectionManager : Connect server timeout.
System.Threading.Tasks.TaskCanceledException: Reached deadline.
   at Grpc.Core.Channel.WaitForStateChangedAsync(ChannelState lastObservedState, Nullable`1 deadline) in T:\src\github\grpc\src\csharp\Grpc.Core\Channel.cs:line 139
   at Grpc.Core.Channel.ConnectAsync(Nullable`1 deadline) in T:\src\github\grpc\src\csharp\Grpc.Core\Channel.cs:line 220
   at SkyApm.Transport.Grpc.ConnectionManager.ConnectAsync()
2019-08-31 17:07:06.783 +08:00 [MI.Web] [Information] SkyApm.Transport.Grpc.ConnectionManager : Shutdown connection[localhost:11800].
2019-08-31 17:07:16.798 +08:00 [MI.Web] [Error] SkyApm.Transport.Grpc.ConnectionManager : Connect server timeout.
System.Threading.Tasks.TaskCanceledException: Reached deadline.
   at Grpc.Core.Channel.WaitForStateChangedAsync(ChannelState lastObservedState, Nullable`1 deadline) in T:\src\github\grpc\src\csharp\Grpc.Core\Channel.cs:line 139
   at Grpc.Core.Channel.ConnectAsync(Nullable`1 deadline) in T:\src\github\grpc\src\csharp\Grpc.Core\Channel.cs:line 220
   at SkyApm.Transport.Grpc.ConnectionManager.ConnectAsync()
2019-08-31 17:07:36.738 +08:00 [MI.Web] [Information] SkyApm.Transport.Grpc.ConnectionManager : Shutdown connection[localhost:11800].
2019-08-31 17:07:46.773 +08:00 [MI.Web] [Error] SkyApm.Transport.Grpc.ConnectionManager : Connect server timeout.
System.Threading.Tasks.TaskCanceledException: Reached deadline.
   at Grpc.Core.Channel.WaitForStateChangedAsync(ChannelState lastObservedState, Nullable`1 deadline) in T:\src\github\grpc\src\csharp\Grpc.Core\Channel.cs:line 139
   at Grpc.Core.Channel.ConnectAsync(Nullable`1 deadline) in T:\src\github\grpc\src\csharp\Grpc.Core\Channel.cs:line 220
   at SkyApm.Transport.Grpc.ConnectionManager.ConnectAsync()
2019-08-31 17:07:46.788 +08:00 [MI.Web] [Information] SkyApm.Transport.Grpc.ConnectionManager : Shutdown connection[localhost:11800].
2019-08-31 17:07:57.058 +08:00 [MI.Web] [Error] SkyApm.Transport.Grpc.ConnectionManager : Connect server timeout.
System.Threading.Tasks.TaskCanceledException: Reached deadline.
   at Grpc.Core.Channel.WaitForStateChangedAsync(ChannelState lastObservedState, Nullable`1 deadline) in T:\src\github\grpc\src\csharp\Grpc.Core\Channel.cs:line 139
   at Grpc.Core.Channel.ConnectAsync(Nullable`1 deadline) in T:\src\github\grpc\src\csharp\Grpc.Core\Channel.cs:line 220
   at SkyApm.Transport.Grpc.ConnectionManager.ConnectAsync()
2019-08-31 17:07:57.128 +08:00 [MI.Web] [Information] SkyApm.Transport.Grpc.ConnectionManager : Shutdown connection[localhost:11800].
2019-08-31 17:11:06.741 +08:00 [MI.Web] [Information] SkyApm.InstrumentStartup : Initializing ...
2019-08-31 17:11:06.770 +08:00 [MI.Web] [Information] SkyApm.Service.RegisterService : Loaded instrument service [SkyApm.Service.RegisterService].
2019-08-31 17:11:06.770 +08:00 [MI.Web] [Information] SkyApm.Service.PingService : Loaded instrument service [SkyApm.Service.PingService].
2019-08-31 17:11:06.770 +08:00 [MI.Web] [Information] SkyApm.Service.ServiceDiscoveryV5Service : Loaded instrument service [SkyApm.Service.ServiceDiscoveryV5Service].
2019-08-31 17:11:06.771 +08:00 [MI.Web] [Information] SkyApm.Service.SegmentReportService : Loaded instrument service [SkyApm.Service.SegmentReportService].
2019-08-31 17:11:06.772 +08:00 [MI.Web] [Information] SkyApm.Sampling.SimpleCountSamplingInterceptor : Loaded instrument service [SkyApm.Sampling.SimpleCountSamplingInterceptor].
2019-08-31 17:11:06.778 +08:00 [MI.Web] [Information] SkyApm.Transport.Grpc.V6.ConnectService : Loaded instrument service [SkyApm.Transport.Grpc.V6.ConnectService].
2019-08-31 17:11:06.807 +08:00 [MI.Web] [Information] SkyApm.Diagnostics.TracingDiagnosticProcessorObserver : Loaded diagnostic listener [Microsoft.AspNetCore].
2019-08-31 17:11:06.808 +08:00 [MI.Web] [Information] SkyApm.Diagnostics.TracingDiagnosticProcessorObserver : Loaded diagnostic listener [HttpHandlerDiagnosticListener].
2019-08-31 17:11:06.808 +08:00 [MI.Web] [Information] SkyApm.InstrumentStartup : Started SkyAPM .NET Core Agent.
2019-08-31 17:11:16.967 +08:00 [MI.Web] [Error] SkyApm.Transport.Grpc.ConnectionManager : Connect server timeout.
System.Threading.Tasks.TaskCanceledException: Reached deadline.
   at Grpc.Core.Channel.WaitForStateChangedAsync(ChannelState lastObservedState, Nullable`1 deadline) in T:\src\github\grpc\src\csharp\Grpc.Core\Channel.cs:line 139
   at Grpc.Core.Channel.ConnectAsync(Nullable`1 deadline) in T:\src\github\grpc\src\csharp\Grpc.Core\Channel.cs:line 220
   at SkyApm.Transport.Grpc.ConnectionManager.ConnectAsync()
2019-08-31 17:12:19.596 +08:00 [MI.Web] [Information] SkyApm.InstrumentStartup : Initializing ...
2019-08-31 17:12:19.631 +08:00 [MI.Web] [Information] SkyApm.Service.RegisterService : Loaded instrument service [SkyApm.Service.RegisterService].
2019-08-31 17:12:19.631 +08:00 [MI.Web] [Information] SkyApm.Service.PingService : Loaded instrument service [SkyApm.Service.PingService].
2019-08-31 17:12:19.632 +08:00 [MI.Web] [Information] SkyApm.Service.ServiceDiscoveryV5Service : Loaded instrument service [SkyApm.Service.ServiceDiscoveryV5Service].
2019-08-31 17:12:19.632 +08:00 [MI.Web] [Information] SkyApm.Service.SegmentReportService : Loaded instrument service [SkyApm.Service.SegmentReportService].
2019-08-31 17:12:19.632 +08:00 [MI.Web] [Information] SkyApm.Sampling.SimpleCountSamplingInterceptor : Loaded instrument service [SkyApm.Sampling.SimpleCountSamplingInterceptor].
2019-08-31 17:12:19.633 +08:00 [MI.Web] [Information] SkyApm.Transport.Grpc.V6.ConnectService : Loaded instrument service [SkyApm.Transport.Grpc.V6.ConnectService].
2019-08-31 17:12:19.653 +08:00 [MI.Web] [Information] SkyApm.Diagnostics.TracingDiagnosticProcessorObserver : Loaded diagnostic listener [Microsoft.AspNetCore].
2019-08-31 17:12:19.654 +08:00 [MI.Web] [Information] SkyApm.Diagnostics.TracingDiagnosticProcessorObserver : Loaded diagnostic listener [HttpHandlerDiagnosticListener].
2019-08-31 17:12:19.654 +08:00 [MI.Web] [Information] SkyApm.InstrumentStartup : Started SkyAPM .NET Core Agent.
2019-08-31 17:12:29.796 +08:00 [MI.Web] [Error] SkyApm.Transport.Grpc.ConnectionManager : Connect server timeout.
System.Threading.Tasks.TaskCanceledException: Reached deadline.
   at Grpc.Core.Channel.WaitForStateChangedAsync(ChannelState lastObservedState, Nullable`1 deadline) in T:\src\github\grpc\src\csharp\Grpc.Core\Channel.cs:line 139
   at Grpc.Core.Channel.ConnectAsync(Nullable`1 deadline) in T:\src\github\grpc\src\csharp\Grpc.Core\Channel.cs:line 220
   at SkyApm.Transport.Grpc.ConnectionManager.ConnectAsync()
2019-08-31 17:12:34.676 +08:00 [MI.Web] [Information] SkyApm.Transport.Grpc.ConnectionManager : Shutdown connection[localhost:11800].
2019-08-31 17:15:41.440 +08:00 [MI.Web] [Information] SkyApm.InstrumentStartup : Initializing ...
2019-08-31 17:15:41.471 +08:00 [MI.Web] [Information] SkyApm.Service.RegisterService : Loaded instrument service [SkyApm.Service.RegisterService].
2019-08-31 17:15:41.471 +08:00 [MI.Web] [Information] SkyApm.Service.PingService : Loaded instrument service [SkyApm.Service.PingService].
2019-08-31 17:15:41.472 +08:00 [MI.Web] [Information] SkyApm.Service.ServiceDiscoveryV5Service : Loaded instrument service [SkyApm.Service.ServiceDiscoveryV5Service].
2019-08-31 17:15:41.472 +08:00 [MI.Web] [Information] SkyApm.Service.SegmentReportService : Loaded instrument service [SkyApm.Service.SegmentReportService].
2019-08-31 17:15:41.472 +08:00 [MI.Web] [Information] SkyApm.Sampling.SimpleCountSamplingInterceptor : Loaded instrument service [SkyApm.Sampling.SimpleCountSamplingInterceptor].
2019-08-31 17:15:41.473 +08:00 [MI.Web] [Information] SkyApm.Transport.Grpc.V6.ConnectService : Loaded instrument service [SkyApm.Transport.Grpc.V6.ConnectService].
2019-08-31 17:15:41.503 +08:00 [MI.Web] [Information] SkyApm.Diagnostics.TracingDiagnosticProcessorObserver : Loaded diagnostic listener [Microsoft.AspNetCore].
2019-08-31 17:15:41.504 +08:00 [MI.Web] [Information] SkyApm.Diagnostics.TracingDiagnosticProcessorObserver : Loaded diagnostic listener [HttpHandlerDiagnosticListener].
2019-08-31 17:15:41.504 +08:00 [MI.Web] [Information] SkyApm.InstrumentStartup : Started SkyAPM .NET Core Agent.
2019-08-31 17:15:51.638 +08:00 [MI.Web] [Error] SkyApm.Transport.Grpc.ConnectionManager : Connect server timeout.
System.Threading.Tasks.TaskCanceledException: Reached deadline.
   at Grpc.Core.Channel.WaitForStateChangedAsync(ChannelState lastObservedState, Nullable`1 deadline) in T:\src\github\grpc\src\csharp\Grpc.Core\Channel.cs:line 139
   at Grpc.Core.Channel.ConnectAsync(Nullable`1 deadline) in T:\src\github\grpc\src\csharp\Grpc.Core\Channel.cs:line 220
   at SkyApm.Transport.Grpc.ConnectionManager.ConnectAsync()
2019-08-31 17:16:00.362 +08:00 [MI.Web] [Information] SkyApm.Transport.Grpc.ConnectionManager : Shutdown connection[localhost:11800].
2019-08-31 17:16:10.376 +08:00 [MI.Web] [Error] SkyApm.Transport.Grpc.ConnectionManager : Connect server timeout.
System.Threading.Tasks.TaskCanceledException: Reached deadline.
   at Grpc.Core.Channel.WaitForStateChangedAsync(ChannelState lastObservedState, Nullable`1 deadline) in T:\src\github\grpc\src\csharp\Grpc.Core\Channel.cs:line 139
   at Grpc.Core.Channel.ConnectAsync(Nullable`1 deadline) in T:\src\github\grpc\src\csharp\Grpc.Core\Channel.cs:line 220
   at SkyApm.Transport.Grpc.ConnectionManager.ConnectAsync()
2019-08-31 17:16:11.497 +08:00 [MI.Web] [Information] SkyApm.Transport.Grpc.ConnectionManager : Shutdown connection[localhost:11800].
2019-08-31 17:16:21.505 +08:00 [MI.Web] [Error] SkyApm.Transport.Grpc.ConnectionManager : Connect server timeout.
System.Threading.Tasks.TaskCanceledException: Reached deadline.
   at Grpc.Core.Channel.WaitForStateChangedAsync(ChannelState lastObservedState, Nullable`1 deadline) in T:\src\github\grpc\src\csharp\Grpc.Core\Channel.cs:line 139
   at Grpc.Core.Channel.ConnectAsync(Nullable`1 deadline) in T:\src\github\grpc\src\csharp\Grpc.Core\Channel.cs:line 220
   at SkyApm.Transport.Grpc.ConnectionManager.ConnectAsync()
2019-08-31 17:16:26.493 +08:00 [MI.Web] [Information] SkyApm.Transport.Grpc.ConnectionManager : Shutdown connection[localhost:11800].
2019-08-31 17:16:36.911 +08:00 [MI.Web] [Error] SkyApm.Transport.Grpc.ConnectionManager : Connect server timeout.
System.Threading.Tasks.TaskCanceledException: Reached deadline.
   at Grpc.Core.Channel.WaitForStateChangedAsync(ChannelState lastObservedState, Nullable`1 deadline) in T:\src\github\grpc\src\csharp\Grpc.Core\Channel.cs:line 139
   at Grpc.Core.Channel.ConnectAsync(Nullable`1 deadline) in T:\src\github\grpc\src\csharp\Grpc.Core\Channel.cs:line 220
   at SkyApm.Transport.Grpc.ConnectionManager.ConnectAsync()
2019-08-31 17:16:41.492 +08:00 [MI.Web] [Information] SkyApm.Transport.Grpc.ConnectionManager : Shutdown connection[localhost:11800].
2019-08-31 17:16:51.502 +08:00 [MI.Web] [Error] SkyApm.Transport.Grpc.ConnectionManager : Connect server timeout.
System.Threading.Tasks.TaskCanceledException: Reached deadline.
   at Grpc.Core.Channel.WaitForStateChangedAsync(ChannelState lastObservedState, Nullable`1 deadline) in T:\src\github\grpc\src\csharp\Grpc.Core\Channel.cs:line 139
   at Grpc.Core.Channel.ConnectAsync(Nullable`1 deadline) in T:\src\github\grpc\src\csharp\Grpc.Core\Channel.cs:line 220
   at SkyApm.Transport.Grpc.ConnectionManager.ConnectAsync()
2019-08-31 17:16:56.501 +08:00 [MI.Web] [Information] SkyApm.Transport.Grpc.ConnectionManager : Shutdown connection[localhost:11800].
2019-08-31 17:17:06.516 +08:00 [MI.Web] [Error] SkyApm.Transport.Grpc.ConnectionManager : Connect server timeout.
System.Threading.Tasks.TaskCanceledException: Reached deadline.
   at Grpc.Core.Channel.WaitForStateChangedAsync(ChannelState lastObservedState, Nullable`1 deadline) in T:\src\github\grpc\src\csharp\Grpc.Core\Channel.cs:line 139
   at Grpc.Core.Channel.ConnectAsync(Nullable`1 deadline) in T:\src\github\grpc\src\csharp\Grpc.Core\Channel.cs:line 220
   at SkyApm.Transport.Grpc.ConnectionManager.ConnectAsync()
2019-08-31 17:17:11.502 +08:00 [MI.Web] [Information] SkyApm.Transport.Grpc.ConnectionManager : Shutdown connection[localhost:11800].
2019-08-31 17:17:21.517 +08:00 [MI.Web] [Error] SkyApm.Transport.Grpc.ConnectionManager : Connect server timeout.
System.Threading.Tasks.TaskCanceledException: Reached deadline.
   at Grpc.Core.Channel.WaitForStateChangedAsync(ChannelState lastObservedState, Nullable`1 deadline) in T:\src\github\grpc\src\csharp\Grpc.Core\Channel.cs:line 139
   at Grpc.Core.Channel.ConnectAsync(Nullable`1 deadline) in T:\src\github\grpc\src\csharp\Grpc.Core\Channel.cs:line 220
   at SkyApm.Transport.Grpc.ConnectionManager.ConnectAsync()
2019-08-31 17:17:26.495 +08:00 [MI.Web] [Information] SkyApm.Transport.Grpc.ConnectionManager : Shutdown connection[localhost:11800].
2019-08-31 17:17:36.507 +08:00 [MI.Web] [Error] SkyApm.Transport.Grpc.ConnectionManager : Connect server timeout.
System.Threading.Tasks.TaskCanceledException: Reached deadline.
   at Grpc.Core.Channel.WaitForStateChangedAsync(ChannelState lastObservedState, Nullable`1 deadline) in T:\src\github\grpc\src\csharp\Grpc.Core\Channel.cs:line 139
   at Grpc.Core.Channel.ConnectAsync(Nullable`1 deadline) in T:\src\github\grpc\src\csharp\Grpc.Core\Channel.cs:line 220
   at SkyApm.Transport.Grpc.ConnectionManager.ConnectAsync()
2019-08-31 17:17:41.502 +08:00 [MI.Web] [Information] SkyApm.Transport.Grpc.ConnectionManager : Shutdown connection[localhost:11800].
2019-08-31 17:17:51.514 +08:00 [MI.Web] [Error] SkyApm.Transport.Grpc.ConnectionManager : Connect server timeout.
System.Threading.Tasks.TaskCanceledException: Reached deadline.
   at Grpc.Core.Channel.WaitForStateChangedAsync(ChannelState lastObservedState, Nullable`1 deadline) in T:\src\github\grpc\src\csharp\Grpc.Core\Channel.cs:line 139
   at Grpc.Core.Channel.ConnectAsync(Nullable`1 deadline) in T:\src\github\grpc\src\csharp\Grpc.Core\Channel.cs:line 220
   at SkyApm.Transport.Grpc.ConnectionManager.ConnectAsync()
2019-08-31 17:17:56.487 +08:00 [MI.Web] [Information] SkyApm.Transport.Grpc.ConnectionManager : Shutdown connection[localhost:11800].
2019-08-31 17:18:06.502 +08:00 [MI.Web] [Error] SkyApm.Transport.Grpc.ConnectionManager : Connect server timeout.
System.Threading.Tasks.TaskCanceledException: Reached deadline.
   at Grpc.Core.Channel.WaitForStateChangedAsync(ChannelState lastObservedState, Nullable`1 deadline) in T:\src\github\grpc\src\csharp\Grpc.Core\Channel.cs:line 139
   at Grpc.Core.Channel.ConnectAsync(Nullable`1 deadline) in T:\src\github\grpc\src\csharp\Grpc.Core\Channel.cs:line 220
   at SkyApm.Transport.Grpc.ConnectionManager.ConnectAsync()
2019-08-31 17:18:11.491 +08:00 [MI.Web] [Information] SkyApm.Transport.Grpc.ConnectionManager : Shutdown connection[localhost:11800].
2019-08-31 17:18:21.504 +08:00 [MI.Web] [Error] SkyApm.Transport.Grpc.ConnectionManager : Connect server timeout.
System.Threading.Tasks.TaskCanceledException: Reached deadline.
   at Grpc.Core.Channel.WaitForStateChangedAsync(ChannelState lastObservedState, Nullable`1 deadline) in T:\src\github\grpc\src\csharp\Grpc.Core\Channel.cs:line 139
   at Grpc.Core.Channel.ConnectAsync(Nullable`1 deadline) in T:\src\github\grpc\src\csharp\Grpc.Core\Channel.cs:line 220
   at SkyApm.Transport.Grpc.ConnectionManager.ConnectAsync()
2019-08-31 17:18:26.498 +08:00 [MI.Web] [Information] SkyApm.Transport.Grpc.ConnectionManager : Shutdown connection[localhost:11800].
2019-08-31 17:18:36.514 +08:00 [MI.Web] [Error] SkyApm.Transport.Grpc.ConnectionManager : Connect server timeout.
System.Threading.Tasks.TaskCanceledException: Reached deadline.
   at Grpc.Core.Channel.WaitForStateChangedAsync(ChannelState lastObservedState, Nullable`1 deadline) in T:\src\github\grpc\src\csharp\Grpc.Core\Channel.cs:line 139
   at Grpc.Core.Channel.ConnectAsync(Nullable`1 deadline) in T:\src\github\grpc\src\csharp\Grpc.Core\Channel.cs:line 220
   at SkyApm.Transport.Grpc.ConnectionManager.ConnectAsync()
2019-08-31 17:18:41.507 +08:00 [MI.Web] [Information] SkyApm.Transport.Grpc.ConnectionManager : Shutdown connection[localhost:11800].
2019-08-31 17:18:51.524 +08:00 [MI.Web] [Error] SkyApm.Transport.Grpc.ConnectionManager : Connect server timeout.
System.Threading.Tasks.TaskCanceledException: Reached deadline.
   at Grpc.Core.Channel.WaitForStateChangedAsync(ChannelState lastObservedState, Nullable`1 deadline) in T:\src\github\grpc\src\csharp\Grpc.Core\Channel.cs:line 139
   at Grpc.Core.Channel.ConnectAsync(Nullable`1 deadline) in T:\src\github\grpc\src\csharp\Grpc.Core\Channel.cs:line 220
   at SkyApm.Transport.Grpc.ConnectionManager.ConnectAsync()
2019-08-31 17:18:56.500 +08:00 [MI.Web] [Information] SkyApm.Transport.Grpc.ConnectionManager : Shutdown connection[localhost:11800].
2019-08-31 17:19:09.533 +08:00 [MI.Web] [Error] SkyApm.Transport.Grpc.ConnectionManager : Connect server timeout.
System.Threading.Tasks.TaskCanceledException: Reached deadline.
   at Grpc.Core.Channel.WaitForStateChangedAsync(ChannelState lastObservedState, Nullable`1 deadline) in T:\src\github\grpc\src\csharp\Grpc.Core\Channel.cs:line 139
   at Grpc.Core.Channel.ConnectAsync(Nullable`1 deadline) in T:\src\github\grpc\src\csharp\Grpc.Core\Channel.cs:line 220
   at SkyApm.Transport.Grpc.ConnectionManager.ConnectAsync()
2019-08-31 17:19:11.496 +08:00 [MI.Web] [Information] SkyApm.Transport.Grpc.ConnectionManager : Shutdown connection[localhost:11800].
2019-08-31 17:19:33.333 +08:00 [MI.Web] [Error] SkyApm.Transport.Grpc.ConnectionManager : Connect server timeout.
System.Threading.Tasks.TaskCanceledException: Reached deadline.
   at Grpc.Core.Channel.WaitForStateChangedAsync(ChannelState lastObservedState, Nullable`1 deadline) in T:\src\github\grpc\src\csharp\Grpc.Core\Channel.cs:line 139
   at Grpc.Core.Channel.ConnectAsync(Nullable`1 deadline) in T:\src\github\grpc\src\csharp\Grpc.Core\Channel.cs:line 220
   at SkyApm.Transport.Grpc.ConnectionManager.ConnectAsync()
2019-08-31 17:19:33.361 +08:00 [MI.Web] [Information] SkyApm.Transport.Grpc.ConnectionManager : Shutdown connection[localhost:11800].
2019-08-31 17:19:43.415 +08:00 [MI.Web] [Error] SkyApm.Transport.Grpc.ConnectionManager : Connect server timeout.
System.Threading.Tasks.TaskCanceledException: Reached deadline.
   at Grpc.Core.Channel.WaitForStateChangedAsync(ChannelState lastObservedState, Nullable`1 deadline) in T:\src\github\grpc\src\csharp\Grpc.Core\Channel.cs:line 139
   at Grpc.Core.Channel.ConnectAsync(Nullable`1 deadline) in T:\src\github\grpc\src\csharp\Grpc.Core\Channel.cs:line 220
   at SkyApm.Transport.Grpc.ConnectionManager.ConnectAsync()
2019-08-31 17:19:43.434 +08:00 [MI.Web] [Information] SkyApm.Transport.Grpc.ConnectionManager : Shutdown connection[localhost:11800].
